Performing C SOURCE FILE Test CMAKE_HAVE_LIBC_PTHREAD failed with the following output:
Change Dir: /home/yang/Code/catkin_ws/src/kitti_tools/build/CMakeFiles/CMakeTmp

Run Build Command(s):/usr/bin/ninja cmTC_f2e8b && [1/2] Building C object CMakeFiles/cmTC_f2e8b.dir/src.c.o
[2/2] Linking C executable cmTC_f2e8b
FAILED: cmTC_f2e8b 
: && /usr/bin/cc -DCMAKE_HAVE_LIBC_PTHREAD  -rdynamic CMakeFiles/cmTC_f2e8b.dir/src.c.o  -o cmTC_f2e8b   && :
/usr/bin/ld: CMakeFiles/cmTC_f2e8b.dir/src.c.o: in function `main':
src.c:(.text+0x46): undefined reference to `pthread_create'
/usr/bin/ld: src.c:(.text+0x52): undefined reference to `pthread_detach'
/usr/bin/ld: src.c:(.text+0x63): undefined reference to `pthread_join'
collect2: error: ld returned 1 exit status
ninja: build stopped: subcommand failed.


Source file was:
#include <pthread.h>

void* test_func(void* data)
{
  return data;
}

int main(void)
{
  pthread_t thread;
  pthread_create(&thread, NULL, test_func, NULL);
  pthread_detach(thread);
  pthread_join(thread, NULL);
  pthread_atfork(NULL, NULL, NULL);
  pthread_exit(NULL);

  return 0;
}

Determining if the function pthread_create exists in the pthreads failed with the following output:
Change Dir: /home/yang/Code/catkin_ws/src/kitti_tools/build/CMakeFiles/CMakeTmp

Run Build Command(s):/usr/bin/ninja cmTC_70229 && [1/2] Building C object CMakeFiles/cmTC_70229.dir/CheckFunctionExists.c.o
[2/2] Linking C executable cmTC_70229
FAILED: cmTC_70229 
: && /usr/bin/cc -DCHECK_FUNCTION_EXISTS=pthread_create  -rdynamic CMakeFiles/cmTC_70229.dir/CheckFunctionExists.c.o  -o cmTC_70229  -lpthreads && :
/usr/bin/ld: 找不到 -lpthreads
collect2: error: ld returned 1 exit status
ninja: build stopped: subcommand failed.



Performing C SOURCE FILE Test CMAKE_HAVE_LIBC_PTHREAD failed with the following output:
Change Dir: /home/yang/Code/catkin_ws/src/kitti_tools/build/CMakeFiles/CMakeTmp

Run Build Command(s):/usr/bin/ninja cmTC_430e0 && [1/2] Building C object CMakeFiles/cmTC_430e0.dir/src.c.o
[2/2] Linking C executable cmTC_430e0
FAILED: cmTC_430e0 
: && /usr/bin/cc -DCMAKE_HAVE_LIBC_PTHREAD  -rdynamic CMakeFiles/cmTC_430e0.dir/src.c.o  -o cmTC_430e0   && :
/usr/bin/ld: CMakeFiles/cmTC_430e0.dir/src.c.o: in function `main':
src.c:(.text+0x46): undefined reference to `pthread_create'
/usr/bin/ld: src.c:(.text+0x52): undefined reference to `pthread_detach'
/usr/bin/ld: src.c:(.text+0x63): undefined reference to `pthread_join'
collect2: error: ld returned 1 exit status
ninja: build stopped: subcommand failed.


Source file was:
#include <pthread.h>

void* test_func(void* data)
{
  return data;
}

int main(void)
{
  pthread_t thread;
  pthread_create(&thread, NULL, test_func, NULL);
  pthread_detach(thread);
  pthread_join(thread, NULL);
  pthread_atfork(NULL, NULL, NULL);
  pthread_exit(NULL);

  return 0;
}

Determining if the function pthread_create exists in the pthreads failed with the following output:
Change Dir: /home/yang/Code/catkin_ws/src/kitti_tools/build/CMakeFiles/CMakeTmp

Run Build Command(s):/usr/bin/ninja cmTC_d99eb && [1/2] Building C object CMakeFiles/cmTC_d99eb.dir/CheckFunctionExists.c.o
[2/2] Linking C executable cmTC_d99eb
FAILED: cmTC_d99eb 
: && /usr/bin/cc -DCHECK_FUNCTION_EXISTS=pthread_create  -rdynamic CMakeFiles/cmTC_d99eb.dir/CheckFunctionExists.c.o  -o cmTC_d99eb  -lpthreads && :
/usr/bin/ld: 找不到 -lpthreads
collect2: error: ld returned 1 exit status
ninja: build stopped: subcommand failed.



